<?xml version="1.0" encoding="UTF-8"?>
<TestRun id="1e00e45d-53ce-4680-9449-ef81d7ca7ac5" name="wangsa@SOONER 2014-07-20 00:00:37" runUser="sooner\wangsa" xmlns="http://microsoft.com/schemas/VisualStudio/TeamTest/2010">
  <TestSettings name="Local" id="04b1cb9b-b98d-42da-9d0d-cc38865d8db0">
    <Description>These are default test settings for a local test run.</Description>
    <Deployment enabled="false" runDeploymentRoot="wangsa_SOONER 2014-07-20 00_00_37">
      <DeploymentItem filename="D:\project\vs\ExamReport\ExamReport\bin\Release\ExamReport.exe" />
      <DeploymentItem filename="D:\project\vs\ExamReport\test_statistic\bin\Release\ZedGraph.dll" />
      <DeploymentItem filename="D:\project\vs\ExamReport\ExamReport\bin\Release\Microsoft.Practices.EnterpriseLibrary.Common.dll" />
      <DeploymentItem filename="D:\project\vs\ExamReport\ExamReport\bin\Release\Microsoft.Practices.ObjectBuilder.dll" />
    </Deployment>
    <Execution>
      <TestTypeSpecific />
      <AgentRule name="Execution Agents">
      </AgentRule>
    </Execution>
  </TestSettings>
  <Times creation="2014-07-20T00:00:37.0753400+08:00" queuing="2014-07-20T00:00:39.8230579+08:00" start="2014-07-20T00:00:39.9140697+08:00" finish="2014-07-20T00:01:09.5612275+08:00" />
  <ResultSummary outcome="Error">
    <Counters total="1" executed="1" error="0" failed="0" timeout="0" aborted="1" inconclusive="0" passedButRunAborted="0" notRunnable="0" notExecuted="0" disconnected="0" warning="0" passed="0" completed="0" inProgress="0" pending="0" />
    <RunInfos>
      <RunInfo computerName="SOONER" outcome="Error" timestamp="2014-07-20T00:01:09.5532263+08:00">
        <Text>Test host process exited unexpectedly.</Text>
      </RunInfo>
    </RunInfos>
  </ResultSummary>
  <TestDefinitions>
    <UnitTest name="insertTestTest" storage="d:\project\vs\examreport\test_statistic\bin\release\test_statistic.dll" id="8ddaa0a9-8ff7-f9e5-3575-ada38ee7dc09">
      <Execution id="8ce87d8d-c66a-4337-944b-40d33d36b634" />
      <TestMethod codeBase="D:/project/vs/ExamReport/test_statistic/bin/Release/test_statistic.DLL" adapterTypeName="Microsoft.VisualStudio.TestTools.TestTypes.Unit.UnitTestAdapter, Microsoft.VisualStudio.QualityTools.Tips.UnitTest.Adapter, Version=10.0.0.0, Culture=neutral, PublicKeyToken=b03f5f7f11d50a3a" className="test_statistic.WordCreatorTest, test_statistic, Version=1.0.0.0, Culture=neutral, PublicKeyToken=null" name="insertTestTest" />
    </UnitTest>
  </TestDefinitions>
  <TestLists>
    <TestList name="Results Not in a List" id="8c84fa94-04c1-424b-9868-57a2d4851a1d" />
    <TestList name="All Loaded Results" id="19431567-8539-422a-85d7-44ee4e166bda" />
  </TestLists>
  <TestEntries>
    <TestEntry testId="8ddaa0a9-8ff7-f9e5-3575-ada38ee7dc09" executionId="8ce87d8d-c66a-4337-944b-40d33d36b634" testListId="8c84fa94-04c1-424b-9868-57a2d4851a1d" />
  </TestEntries>
  <Results>
    <UnitTestResult executionId="8ce87d8d-c66a-4337-944b-40d33d36b634" testId="8ddaa0a9-8ff7-f9e5-3575-ada38ee7dc09" testName="insertTestTest" computerName="SOONER" duration="00:00:29.5001388" startTime="2014-07-20T00:00:40.0610887+08:00" endTime="2014-07-20T00:01:09.5612275+08:00" testType="13cdc9d9-ddb5-4fa4-a97d-d965ccfc6d4b" outcome="Aborted" testListId="8c84fa94-04c1-424b-9868-57a2d4851a1d" relativeResultsDirectory="8ce87d8d-c66a-4337-944b-40d33d36b634">
    </UnitTestResult>
  </Results>
</TestRun>