<?xml version="1.0" encoding="UTF-8"?>
<TestRun id="041fb6a8-4766-438a-be1a-60d402f53d60" name="wangsa@SOONER 2014-07-19 23:58:50" runUser="sooner\wangsa" xmlns="http://microsoft.com/schemas/VisualStudio/TeamTest/2010">
  <TestSettings name="Local" id="04b1cb9b-b98d-42da-9d0d-cc38865d8db0">
    <Description>These are default test settings for a local test run.</Description>
    <Deployment enabled="false" runDeploymentRoot="wangsa_SOONER 2014-07-19 23_58_50">
      <DeploymentItem filename="D:\project\vs\ExamReport\ExamReport\bin\Release\ExamReport.exe" />
      <DeploymentItem filename="D:\project\vs\ExamReport\test_statistic\bin\Release\ZedGraph.dll" />
      <DeploymentItem filename="D:\project\vs\ExamReport\ExamReport\bin\Release\Microsoft.Practices.EnterpriseLibrary.Common.dll" />
      <DeploymentItem filename="D:\project\vs\ExamReport\ExamReport\bin\Release\Microsoft.Practices.ObjectBuilder.dll" />
    </Deployment>
    <Execution>
      <TestTypeSpecific />
      <AgentRule name="Execution Agents">
      </AgentRule>
    </Execution>
  </TestSettings>
  <Times creation="2014-07-19T23:58:50.9577141+08:00" queuing="2014-07-19T23:58:53.5596483+08:00" start="2014-07-19T23:58:53.6826637+08:00" finish="2014-07-19T23:59:07.1535300+08:00" />
  <ResultSummary outcome="Error">
    <Counters total="6" executed="1" error="0" failed="0" timeout="0" aborted="1" inconclusive="0" passedButRunAborted="0" notRunnable="0" notExecuted="5" disconnected="0" warning="0" passed="0" completed="0" inProgress="0" pending="0" />
    <RunInfos>
      <RunInfo computerName="SOONER" outcome="Error" timestamp="2014-07-19T23:59:07.1515282+08:00">
        <Text>Test host process exited unexpectedly.</Text>
      </RunInfo>
    </RunInfos>
  </ResultSummary>
  <TestDefinitions>
    <UnitTest name="insertTestTest" storage="d:\project\vs\examreport\test_statistic\bin\release\test_statistic.dll" id="8ddaa0a9-8ff7-f9e5-3575-ada38ee7dc09">
      <Execution id="e6f2726b-27a1-475a-8a44-b6424cfb8812" />
      <TestMethod codeBase="D:/project/vs/ExamReport/test_statistic/bin/Release/test_statistic.DLL" adapterTypeName="Microsoft.VisualStudio.TestTools.TestTypes.Unit.UnitTestAdapter, Microsoft.VisualStudio.QualityTools.Tips.UnitTest.Adapter, Version=10.0.0.0, Culture=neutral, PublicKeyToken=b03f5f7f11d50a3a" className="test_statistic.WordCreatorTest, test_statistic, Version=1.0.0.0, Culture=neutral, PublicKeyToken=null" name="insertTestTest" />
    </UnitTest>
    <UnitTest name="DBF_data_processTest" storage="d:\project\vs\examreport\test_statistic\bin\release\test_statistic.dll" id="8302deb8-26eb-dd23-1eee-c5b9c8f7ca88">
      <Execution id="79927e72-7edc-493e-8cb6-2cbd35f55d39" />
      <TestMethod codeBase="D:/project/vs/ExamReport/test_statistic/bin/Release/test_statistic.DLL" adapterTypeName="Microsoft.VisualStudio.TestTools.TestTypes.Unit.UnitTestAdapter, Microsoft.VisualStudio.QualityTools.Tips.UnitTest.Adapter, Version=10.0.0.0, Culture=neutral, PublicKeyToken=b03f5f7f11d50a3a" className="test_statistic.HK_databaseTest, test_statistic, Version=1.0.0.0, Culture=neutral, PublicKeyToken=null" name="DBF_data_processTest" />
    </UnitTest>
    <UnitTest name="getDataTest" storage="d:\project\vs\examreport\test_statistic\bin\release\test_statistic.dll" id="196c38bd-4ebb-c4c7-aacd-25bb228e15da">
      <Execution id="c8ea9f79-4467-404e-a3f6-c71942d23f88" />
      <TestMethod codeBase="D:/project/vs/ExamReport/test_statistic/bin/Release/test_statistic.DLL" adapterTypeName="Microsoft.VisualStudio.TestTools.TestTypes.Unit.UnitTestAdapter, Microsoft.VisualStudio.QualityTools.Tips.UnitTest.Adapter, Version=10.0.0.0, Culture=neutral, PublicKeyToken=b03f5f7f11d50a3a" className="test_statistic.excel_processTest, test_statistic, Version=1.0.0.0, Culture=neutral, PublicKeyToken=null" name="getDataTest" />
    </UnitTest>
    <UnitTest name="DBF_data_processTest" storage="d:\project\vs\examreport\test_statistic\bin\release\test_statistic.dll" id="7724879f-fbd5-aa67-7b9e-04a026108c0a">
      <Execution id="7c6e61d9-4dc2-4c88-bd37-f80bccb6b50e" />
      <TestMethod codeBase="D:/project/vs/ExamReport/test_statistic/bin/Release/test_statistic.DLL" adapterTypeName="Microsoft.VisualStudio.TestTools.TestTypes.Unit.UnitTestAdapter, Microsoft.VisualStudio.QualityTools.Tips.UnitTest.Adapter, Version=10.0.0.0, Culture=neutral, PublicKeyToken=b03f5f7f11d50a3a" className="test_statistic.GK_databaseTest, test_statistic, Version=1.0.0.0, Culture=neutral, PublicKeyToken=null" name="DBF_data_processTest" />
    </UnitTest>
    <UnitTest name="testcaseTest" storage="d:\project\vs\examreport\test_statistic\bin\release\test_statistic.dll" id="c7ad88b2-32b1-25e3-0f10-905fb5b6006d">
      <Execution id="e7c4853e-b4c4-4ab4-b379-cdcf780ca7c4" />
      <TestMethod codeBase="D:/project/vs/ExamReport/test_statistic/bin/Release/test_statistic.DLL" adapterTypeName="Microsoft.VisualStudio.TestTools.TestTypes.Unit.UnitTestAdapter, Microsoft.VisualStudio.QualityTools.Tips.UnitTest.Adapter, Version=10.0.0.0, Culture=neutral, PublicKeyToken=b03f5f7f11d50a3a" className="test_statistic.WordCreatorTest, test_statistic, Version=1.0.0.0, Culture=neutral, PublicKeyToken=null" name="testcaseTest" />
    </UnitTest>
    <UnitTest name="statistic_processTest" storage="d:\project\vs\examreport\test_statistic\bin\release\test_statistic.dll" id="df4fb3ad-b9fa-0088-6167-be31dd7f8e64">
      <Execution id="d76becc5-3939-416b-a134-0ebdc82506ca" />
      <TestMethod codeBase="D:/project/vs/ExamReport/test_statistic/bin/Release/test_statistic.DLL" adapterTypeName="Microsoft.VisualStudio.TestTools.TestTypes.Unit.UnitTestAdapter, Microsoft.VisualStudio.QualityTools.Tips.UnitTest.Adapter, Version=10.0.0.0, Culture=neutral, PublicKeyToken=b03f5f7f11d50a3a" className="test_statistic.statisticTest, test_statistic, Version=1.0.0.0, Culture=neutral, PublicKeyToken=null" name="statistic_processTest" />
    </UnitTest>
  </TestDefinitions>
  <TestLists>
    <TestList name="Results Not in a List" id="8c84fa94-04c1-424b-9868-57a2d4851a1d" />
    <TestList name="All Loaded Results" id="19431567-8539-422a-85d7-44ee4e166bda" />
  </TestLists>
  <TestEntries>
    <TestEntry testId="196c38bd-4ebb-c4c7-aacd-25bb228e15da" executionId="c8ea9f79-4467-404e-a3f6-c71942d23f88" testListId="8c84fa94-04c1-424b-9868-57a2d4851a1d" />
    <TestEntry testId="7724879f-fbd5-aa67-7b9e-04a026108c0a" executionId="7c6e61d9-4dc2-4c88-bd37-f80bccb6b50e" testListId="8c84fa94-04c1-424b-9868-57a2d4851a1d" />
    <TestEntry testId="8302deb8-26eb-dd23-1eee-c5b9c8f7ca88" executionId="79927e72-7edc-493e-8cb6-2cbd35f55d39" testListId="8c84fa94-04c1-424b-9868-57a2d4851a1d" />
    <TestEntry testId="8ddaa0a9-8ff7-f9e5-3575-ada38ee7dc09" executionId="e6f2726b-27a1-475a-8a44-b6424cfb8812" testListId="8c84fa94-04c1-424b-9868-57a2d4851a1d" />
    <TestEntry testId="c7ad88b2-32b1-25e3-0f10-905fb5b6006d" executionId="e7c4853e-b4c4-4ab4-b379-cdcf780ca7c4" testListId="8c84fa94-04c1-424b-9868-57a2d4851a1d" />
    <TestEntry testId="df4fb3ad-b9fa-0088-6167-be31dd7f8e64" executionId="d76becc5-3939-416b-a134-0ebdc82506ca" testListId="8c84fa94-04c1-424b-9868-57a2d4851a1d" />
  </TestEntries>
  <Results>
    <UnitTestResult executionId="c8ea9f79-4467-404e-a3f6-c71942d23f88" testId="196c38bd-4ebb-c4c7-aacd-25bb228e15da" testName="getDataTest" computerName="SOONER" duration="00:00:13.3458487" startTime="2014-07-19T23:58:53.8066795+08:00" endTime="2014-07-19T23:59:07.1525282+08:00" testType="13cdc9d9-ddb5-4fa4-a97d-d965ccfc6d4b" outcome="Aborted" testListId="8c84fa94-04c1-424b-9868-57a2d4851a1d" relativeResultsDirectory="c8ea9f79-4467-404e-a3f6-c71942d23f88">
    </UnitTestResult>
    <UnitTestResult executionId="7c6e61d9-4dc2-4c88-bd37-f80bccb6b50e" testId="7724879f-fbd5-aa67-7b9e-04a026108c0a" testName="DBF_data_processTest" computerName="SOONER" testType="13cdc9d9-ddb5-4fa4-a97d-d965ccfc6d4b" outcome="NotExecuted" testListId="8c84fa94-04c1-424b-9868-57a2d4851a1d" relativeResultsDirectory="7c6e61d9-4dc2-4c88-bd37-f80bccb6b50e">
    </UnitTestResult>
    <UnitTestResult executionId="79927e72-7edc-493e-8cb6-2cbd35f55d39" testId="8302deb8-26eb-dd23-1eee-c5b9c8f7ca88" testName="DBF_data_processTest" computerName="SOONER" testType="13cdc9d9-ddb5-4fa4-a97d-d965ccfc6d4b" outcome="NotExecuted" testListId="8c84fa94-04c1-424b-9868-57a2d4851a1d" relativeResultsDirectory="79927e72-7edc-493e-8cb6-2cbd35f55d39">
    </UnitTestResult>
    <UnitTestResult executionId="e6f2726b-27a1-475a-8a44-b6424cfb8812" testId="8ddaa0a9-8ff7-f9e5-3575-ada38ee7dc09" testName="insertTestTest" computerName="SOONER" testType="13cdc9d9-ddb5-4fa4-a97d-d965ccfc6d4b" outcome="NotExecuted" testListId="8c84fa94-04c1-424b-9868-57a2d4851a1d" relativeResultsDirectory="e6f2726b-27a1-475a-8a44-b6424cfb8812">
    </UnitTestResult>
    <UnitTestResult executionId="e7c4853e-b4c4-4ab4-b379-cdcf780ca7c4" testId="c7ad88b2-32b1-25e3-0f10-905fb5b6006d" testName="testcaseTest" computerName="SOONER" testType="13cdc9d9-ddb5-4fa4-a97d-d965ccfc6d4b" outcome="NotExecuted" testListId="8c84fa94-04c1-424b-9868-57a2d4851a1d" relativeResultsDirectory="e7c4853e-b4c4-4ab4-b379-cdcf780ca7c4">
    </UnitTestResult>
    <UnitTestResult executionId="d76becc5-3939-416b-a134-0ebdc82506ca" testId="df4fb3ad-b9fa-0088-6167-be31dd7f8e64" testName="statistic_processTest" computerName="SOONER" testType="13cdc9d9-ddb5-4fa4-a97d-d965ccfc6d4b" outcome="NotExecuted" testListId="8c84fa94-04c1-424b-9868-57a2d4851a1d" relativeResultsDirectory="d76becc5-3939-416b-a134-0ebdc82506ca">
    </UnitTestResult>
  </Results>
</TestRun>